{"C:\\Users\\nicol\\Downloads\\Universidad IBERO\\ACTIVIDADES IBERO 4 - SEMESTRE\\Proyecto_software\\Gestor-Finanzas\\backend\\src\\app.js": {"path":"C:\\Users\\nicol\\Downloads\\Universidad IBERO\\ACTIVIDADES IBERO 4 - SEMESTRE\\Proyecto_software\\Gestor-Finanzas\\backend\\src\\app.js","statementMap":{"0":{"start":{"line":10,"column":12},"end":{"line":10,"column":21}},"1":{"start":{"line":12,"column":0},"end":{"line":15,"column":3}},"2":{"start":{"line":17,"column":0},"end":{"line":17,"column":23}},"3":{"start":{"line":18,"column":0},"end":{"line":18,"column":23}},"4":{"start":{"line":19,"column":0},"end":{"line":19,"column":23}},"5":{"start":{"line":21,"column":0},"end":{"line":21,"column":28}},"6":{"start":{"line":22,"column":0},"end":{"line":22,"column":32}},"7":{"start":{"line":23,"column":0},"end":{"line":23,"column":28}},"8":{"start":{"line":24,"column":0},"end":{"line":24,"column":32}}},"fnMap":{},"branchMap":{},"s":{"0":4,"1":4,"2":4,"3":4,"4":4,"5":4,"6":4,"7":4,"8":4},"f":{},"b":{},"inputSourceMap":null,"_coverageSchema":"1a1c01bbd47fc00a2c39e90264f33305004495a9","hash":"ef50c3872811df64a4a2969c14e5a84b5142c98b"}
,"C:\\Users\\nicol\\Downloads\\Universidad IBERO\\ACTIVIDADES IBERO 4 - SEMESTRE\\Proyecto_software\\Gestor-Finanzas\\backend\\src\\config.js": {"path":"C:\\Users\\nicol\\Downloads\\Universidad IBERO\\ACTIVIDADES IBERO 4 - SEMESTRE\\Proyecto_software\\Gestor-Finanzas\\backend\\src\\config.js","statementMap":{"0":{"start":{"line":1,"column":28},"end":{"line":1,"column":45}}},"fnMap":{},"branchMap":{},"s":{"0":4},"f":{},"b":{},"inputSourceMap":null,"_coverageSchema":"1a1c01bbd47fc00a2c39e90264f33305004495a9","hash":"0cc9517907048e0646823a27d957c1ec219eb97b"}
,"C:\\Users\\nicol\\Downloads\\Universidad IBERO\\ACTIVIDADES IBERO 4 - SEMESTRE\\Proyecto_software\\Gestor-Finanzas\\backend\\src\\controllers\\auth.controller.js": {"path":"C:\\Users\\nicol\\Downloads\\Universidad IBERO\\ACTIVIDADES IBERO 4 - SEMESTRE\\Proyecto_software\\Gestor-Finanzas\\backend\\src\\controllers\\auth.controller.js","statementMap":{"0":{"start":{"line":7,"column":24},"end":{"line":36,"column":1}},"1":{"start":{"line":8,"column":40},"end":{"line":8,"column":48}},"2":{"start":{"line":10,"column":2},"end":{"line":35,"column":3}},"3":{"start":{"line":12,"column":22},"end":{"line":12,"column":51}},"4":{"start":{"line":13,"column":4},"end":{"line":15,"column":5}},"5":{"start":{"line":14,"column":6},"end":{"line":14,"column":65}},"6":{"start":{"line":18,"column":25},"end":{"line":18,"column":56}},"7":{"start":{"line":19,"column":22},"end":{"line":23,"column":6}},"8":{"start":{"line":25,"column":4},"end":{"line":31,"column":7}},"9":{"start":{"line":34,"column":4},"end":{"line":34,"column":60}},"10":{"start":{"line":38,"column":21},"end":{"line":69,"column":1}},"11":{"start":{"line":39,"column":33},"end":{"line":39,"column":41}},"12":{"start":{"line":41,"column":2},"end":{"line":68,"column":3}},"13":{"start":{"line":43,"column":22},"end":{"line":43,"column":54}},"14":{"start":{"line":44,"column":4},"end":{"line":46,"column":5}},"15":{"start":{"line":45,"column":6},"end":{"line":45,"column":65}},"16":{"start":{"line":49,"column":20},"end":{"line":49,"column":70}},"17":{"start":{"line":50,"column":4},"end":{"line":52,"column":5}},"18":{"start":{"line":51,"column":6},"end":{"line":51,"column":69}},"19":{"start":{"line":55,"column":18},"end":{"line":55,"column":64}},"20":{"start":{"line":56,"column":4},"end":{"line":56,"column":51}},"21":{"start":{"line":58,"column":4},"end":{"line":64,"column":7}},"22":{"start":{"line":67,"column":4},"end":{"line":67,"column":60}},"23":{"start":{"line":71,"column":22},"end":{"line":75,"column":1}},"24":{"start":{"line":73,"column":2},"end":{"line":73,"column":52}},"25":{"start":{"line":74,"column":2},"end":{"line":74,"column":29}},"26":{"start":{"line":77,"column":23},"end":{"line":94,"column":1}},"27":{"start":{"line":78,"column":2},"end":{"line":93,"column":3}},"28":{"start":{"line":79,"column":22},"end":{"line":79,"column":54}},"29":{"start":{"line":80,"column":4},"end":{"line":82,"column":5}},"30":{"start":{"line":81,"column":6},"end":{"line":81,"column":65}},"31":{"start":{"line":84,"column":4},"end":{"line":90,"column":7}},"32":{"start":{"line":92,"column":4},"end":{"line":92,"column":60}},"33":{"start":{"line":96,"column":27},"end":{"line":119,"column":1}},"34":{"start":{"line":97,"column":20},"end":{"line":97,"column":31}},"35":{"start":{"line":99,"column":2},"end":{"line":101,"column":3}},"36":{"start":{"line":100,"column":4},"end":{"line":100,"column":67}},"37":{"start":{"line":103,"column":2},"end":{"line":118,"column":3}},"38":{"start":{"line":104,"column":27},"end":{"line":104,"column":90}},"39":{"start":{"line":105,"column":22},"end":{"line":105,"column":49}},"40":{"start":{"line":107,"column":4},"end":{"line":109,"column":5}},"41":{"start":{"line":108,"column":6},"end":{"line":108,"column":69}},"42":{"start":{"line":111,"column":4},"end":{"line":115,"column":7}},"43":{"start":{"line":117,"column":4},"end":{"line":117,"column":67}}},"fnMap":{"0":{"name":"(anonymous_0)","decl":{"start":{"line":7,"column":24},"end":{"line":7,"column":25}},"loc":{"start":{"line":7,"column":44},"end":{"line":36,"column":1}},"line":7},"1":{"name":"(anonymous_1)","decl":{"start":{"line":38,"column":21},"end":{"line":38,"column":22}},"loc":{"start":{"line":38,"column":41},"end":{"line":69,"column":1}},"line":38},"2":{"name":"(anonymous_2)","decl":{"start":{"line":71,"column":22},"end":{"line":71,"column":23}},"loc":{"start":{"line":71,"column":36},"end":{"line":75,"column":1}},"line":71},"3":{"name":"(anonymous_3)","decl":{"start":{"line":77,"column":23},"end":{"line":77,"column":24}},"loc":{"start":{"line":77,"column":43},"end":{"line":94,"column":1}},"line":77},"4":{"name":"(anonymous_4)","decl":{"start":{"line":96,"column":27},"end":{"line":96,"column":28}},"loc":{"start":{"line":96,"column":47},"end":{"line":119,"column":1}},"line":96}},"branchMap":{"0":{"loc":{"start":{"line":13,"column":4},"end":{"line":15,"column":5}},"type":"if","locations":[{"start":{"line":13,"column":4},"end":{"line":15,"column":5}},{"start":{},"end":{}}],"line":13},"1":{"loc":{"start":{"line":44,"column":4},"end":{"line":46,"column":5}},"type":"if","locations":[{"start":{"line":44,"column":4},"end":{"line":46,"column":5}},{"start":{},"end":{}}],"line":44},"2":{"loc":{"start":{"line":50,"column":4},"end":{"line":52,"column":5}},"type":"if","locations":[{"start":{"line":50,"column":4},"end":{"line":52,"column":5}},{"start":{},"end":{}}],"line":50},"3":{"loc":{"start":{"line":80,"column":4},"end":{"line":82,"column":5}},"type":"if","locations":[{"start":{"line":80,"column":4},"end":{"line":82,"column":5}},{"start":{},"end":{}}],"line":80},"4":{"loc":{"start":{"line":99,"column":2},"end":{"line":101,"column":3}},"type":"if","locations":[{"start":{"line":99,"column":2},"end":{"line":101,"column":3}},{"start":{},"end":{}}],"line":99},"5":{"loc":{"start":{"line":104,"column":45},"end":{"line":104,"column":89}},"type":"binary-expr","locations":[{"start":{"line":104,"column":45},"end":{"line":104,"column":69}},{"start":{"line":104,"column":73},"end":{"line":104,"column":89}}],"line":104},"6":{"loc":{"start":{"line":107,"column":4},"end":{"line":109,"column":5}},"type":"if","locations":[{"start":{"line":107,"column":4},"end":{"line":109,"column":5}},{"start":{},"end":{}}],"line":107}},"s":{"0":4,"1":35,"2":35,"3":35,"4":35,"5":1,"6":34,"7":34,"8":33,"9":1,"10":4,"11":31,"12":31,"13":31,"14":31,"15":0,"16":31,"17":31,"18":1,"19":30,"20":30,"21":30,"22":0,"23":4,"24":1,"25":1,"26":4,"27":1,"28":1,"29":1,"30":0,"31":1,"32":0,"33":4,"34":0,"35":0,"36":0,"37":0,"38":0,"39":0,"40":0,"41":0,"42":0,"43":0},"f":{"0":35,"1":31,"2":1,"3":1,"4":0},"b":{"0":[1,34],"1":[0,31],"2":[1,30],"3":[0,1],"4":[0,0],"5":[0,0],"6":[0,0]},"inputSourceMap":null,"_coverageSchema":"1a1c01bbd47fc00a2c39e90264f33305004495a9","hash":"011e03f74def844b4e6c13fd28af1c4ca3f1e9af"}
,"C:\\Users\\nicol\\Downloads\\Universidad IBERO\\ACTIVIDADES IBERO 4 - SEMESTRE\\Proyecto_software\\Gestor-Finanzas\\backend\\src\\controllers\\finanzas.controller.js": {"path":"C:\\Users\\nicol\\Downloads\\Universidad IBERO\\ACTIVIDADES IBERO 4 - SEMESTRE\\Proyecto_software\\Gestor-Finanzas\\backend\\src\\controllers\\finanzas.controller.js","statementMap":{"0":{"start":{"line":3,"column":27},"end":{"line":8,"column":1}},"1":{"start":{"line":4,"column":19},"end":{"line":6,"column":21}},"2":{"start":{"line":7,"column":2},"end":{"line":7,"column":21}},"3":{"start":{"line":10,"column":30},"end":{"line":32,"column":1}},"4":{"start":{"line":11,"column":2},"end":{"line":31,"column":3}},"5":{"start":{"line":12,"column":48},"end":{"line":12,"column":56}},"6":{"start":{"line":14,"column":4},"end":{"line":18,"column":5}},"7":{"start":{"line":15,"column":6},"end":{"line":17,"column":63}},"8":{"start":{"line":19,"column":23},"end":{"line":25,"column":6}},"9":{"start":{"line":27,"column":25},"end":{"line":27,"column":48}},"10":{"start":{"line":28,"column":4},"end":{"line":28,"column":27}},"11":{"start":{"line":30,"column":4},"end":{"line":30,"column":74}},"12":{"start":{"line":33,"column":26},"end":{"line":37,"column":1}},"13":{"start":{"line":34,"column":18},"end":{"line":34,"column":72}},"14":{"start":{"line":35,"column":2},"end":{"line":35,"column":80}},"15":{"start":{"line":35,"column":16},"end":{"line":35,"column":80}},"16":{"start":{"line":36,"column":2},"end":{"line":36,"column":20}},"17":{"start":{"line":38,"column":30},"end":{"line":44,"column":1}},"18":{"start":{"line":39,"column":18},"end":{"line":41,"column":4}},"19":{"start":{"line":42,"column":2},"end":{"line":42,"column":80}},"20":{"start":{"line":42,"column":16},"end":{"line":42,"column":80}},"21":{"start":{"line":43,"column":2},"end":{"line":43,"column":20}},"22":{"start":{"line":46,"column":30},"end":{"line":50,"column":1}},"23":{"start":{"line":47,"column":18},"end":{"line":47,"column":64}},"24":{"start":{"line":48,"column":2},"end":{"line":48,"column":80}},"25":{"start":{"line":48,"column":16},"end":{"line":48,"column":80}},"26":{"start":{"line":49,"column":2},"end":{"line":49,"column":29}},"27":{"start":{"line":54,"column":26},"end":{"line":72,"column":1}},"28":{"start":{"line":55,"column":2},"end":{"line":71,"column":3}},"29":{"start":{"line":56,"column":21},"end":{"line":56,"column":62}},"30":{"start":{"line":59,"column":21},"end":{"line":61,"column":43}},"31":{"start":{"line":60,"column":21},"end":{"line":60,"column":41}},"32":{"start":{"line":61,"column":26},"end":{"line":61,"column":39}},"33":{"start":{"line":63,"column":19},"end":{"line":65,"column":43}},"34":{"start":{"line":64,"column":21},"end":{"line":64,"column":39}},"35":{"start":{"line":65,"column":26},"end":{"line":65,"column":39}},"36":{"start":{"line":66,"column":20},"end":{"line":66,"column":37}},"37":{"start":{"line":68,"column":4},"end":{"line":68,"column":43}},"38":{"start":{"line":70,"column":4},"end":{"line":70,"column":74}},"39":{"start":{"line":76,"column":34},"end":{"line":110,"column":1}},"40":{"start":{"line":78,"column":2},"end":{"line":109,"column":3}},"41":{"start":{"line":79,"column":36},"end":{"line":79,"column":44}},"42":{"start":{"line":80,"column":4},"end":{"line":82,"column":5}},"43":{"start":{"line":81,"column":6},"end":{"line":81,"column":68}},"44":{"start":{"line":84,"column":21},"end":{"line":87,"column":6}},"45":{"start":{"line":88,"column":4},"end":{"line":88,"column":38}},"46":{"start":{"line":90,"column":28},"end":{"line":92,"column":43}},"47":{"start":{"line":91,"column":21},"end":{"line":91,"column":41}},"48":{"start":{"line":92,"column":26},"end":{"line":92,"column":39}},"49":{"start":{"line":94,"column":26},"end":{"line":96,"column":43}},"50":{"start":{"line":95,"column":21},"end":{"line":95,"column":39}},"51":{"start":{"line":96,"column":26},"end":{"line":96,"column":39}},"52":{"start":{"line":98,"column":27},"end":{"line":98,"column":58}},"53":{"start":{"line":100,"column":4},"end":{"line":105,"column":6}},"54":{"start":{"line":108,"column":4},"end":{"line":108,"column":74}}},"fnMap":{"0":{"name":"(anonymous_0)","decl":{"start":{"line":3,"column":27},"end":{"line":3,"column":28}},"loc":{"start":{"line":3,"column":47},"end":{"line":8,"column":1}},"line":3},"1":{"name":"(anonymous_1)","decl":{"start":{"line":10,"column":30},"end":{"line":10,"column":31}},"loc":{"start":{"line":10,"column":50},"end":{"line":32,"column":1}},"line":10},"2":{"name":"(anonymous_2)","decl":{"start":{"line":33,"column":26},"end":{"line":33,"column":27}},"loc":{"start":{"line":33,"column":46},"end":{"line":37,"column":1}},"line":33},"3":{"name":"(anonymous_3)","decl":{"start":{"line":38,"column":30},"end":{"line":38,"column":31}},"loc":{"start":{"line":38,"column":50},"end":{"line":44,"column":1}},"line":38},"4":{"name":"(anonymous_4)","decl":{"start":{"line":46,"column":30},"end":{"line":46,"column":31}},"loc":{"start":{"line":46,"column":50},"end":{"line":50,"column":1}},"line":46},"5":{"name":"(anonymous_5)","decl":{"start":{"line":54,"column":26},"end":{"line":54,"column":27}},"loc":{"start":{"line":54,"column":46},"end":{"line":72,"column":1}},"line":54},"6":{"name":"(anonymous_6)","decl":{"start":{"line":60,"column":14},"end":{"line":60,"column":15}},"loc":{"start":{"line":60,"column":21},"end":{"line":60,"column":41}},"line":60},"7":{"name":"(anonymous_7)","decl":{"start":{"line":61,"column":14},"end":{"line":61,"column":15}},"loc":{"start":{"line":61,"column":26},"end":{"line":61,"column":39}},"line":61},"8":{"name":"(anonymous_8)","decl":{"start":{"line":64,"column":14},"end":{"line":64,"column":15}},"loc":{"start":{"line":64,"column":21},"end":{"line":64,"column":39}},"line":64},"9":{"name":"(anonymous_9)","decl":{"start":{"line":65,"column":14},"end":{"line":65,"column":15}},"loc":{"start":{"line":65,"column":26},"end":{"line":65,"column":39}},"line":65},"10":{"name":"(anonymous_10)","decl":{"start":{"line":76,"column":34},"end":{"line":76,"column":35}},"loc":{"start":{"line":76,"column":54},"end":{"line":110,"column":1}},"line":76},"11":{"name":"(anonymous_11)","decl":{"start":{"line":91,"column":14},"end":{"line":91,"column":15}},"loc":{"start":{"line":91,"column":21},"end":{"line":91,"column":41}},"line":91},"12":{"name":"(anonymous_12)","decl":{"start":{"line":92,"column":14},"end":{"line":92,"column":15}},"loc":{"start":{"line":92,"column":26},"end":{"line":92,"column":39}},"line":92},"13":{"name":"(anonymous_13)","decl":{"start":{"line":95,"column":14},"end":{"line":95,"column":15}},"loc":{"start":{"line":95,"column":21},"end":{"line":95,"column":39}},"line":95},"14":{"name":"(anonymous_14)","decl":{"start":{"line":96,"column":14},"end":{"line":96,"column":15}},"loc":{"start":{"line":96,"column":26},"end":{"line":96,"column":39}},"line":96}},"branchMap":{"0":{"loc":{"start":{"line":14,"column":4},"end":{"line":18,"column":5}},"type":"if","locations":[{"start":{"line":14,"column":4},"end":{"line":18,"column":5}},{"start":{},"end":{}}],"line":14},"1":{"loc":{"start":{"line":35,"column":2},"end":{"line":35,"column":80}},"type":"if","locations":[{"start":{"line":35,"column":2},"end":{"line":35,"column":80}},{"start":{},"end":{}}],"line":35},"2":{"loc":{"start":{"line":42,"column":2},"end":{"line":42,"column":80}},"type":"if","locations":[{"start":{"line":42,"column":2},"end":{"line":42,"column":80}},{"start":{},"end":{}}],"line":42},"3":{"loc":{"start":{"line":48,"column":2},"end":{"line":48,"column":80}},"type":"if","locations":[{"start":{"line":48,"column":2},"end":{"line":48,"column":80}},{"start":{},"end":{}}],"line":48},"4":{"loc":{"start":{"line":80,"column":4},"end":{"line":82,"column":5}},"type":"if","locations":[{"start":{"line":80,"column":4},"end":{"line":82,"column":5}},{"start":{},"end":{}}],"line":80},"5":{"loc":{"start":{"line":80,"column":7},"end":{"line":80,"column":32}},"type":"binary-expr","locations":[{"start":{"line":80,"column":7},"end":{"line":80,"column":19}},{"start":{"line":80,"column":23},"end":{"line":80,"column":32}}],"line":80}},"s":{"0":4,"1":1,"2":1,"3":4,"4":14,"5":14,"6":14,"7":1,"8":13,"9":13,"10":13,"11":0,"12":4,"13":2,"14":2,"15":1,"16":1,"17":4,"18":1,"19":1,"20":0,"21":1,"22":4,"23":1,"24":1,"25":0,"26":1,"27":4,"28":1,"29":1,"30":1,"31":2,"32":1,"33":1,"34":2,"35":1,"36":1,"37":1,"38":0,"39":4,"40":2,"41":2,"42":2,"43":1,"44":1,"45":1,"46":1,"47":1,"48":1,"49":1,"50":1,"51":0,"52":1,"53":1,"54":0},"f":{"0":1,"1":14,"2":2,"3":1,"4":1,"5":1,"6":2,"7":1,"8":2,"9":1,"10":2,"11":1,"12":1,"13":1,"14":0},"b":{"0":[1,13],"1":[1,1],"2":[0,1],"3":[0,1],"4":[1,1],"5":[2,1]},"inputSourceMap":null,"_coverageSchema":"1a1c01bbd47fc00a2c39e90264f33305004495a9","hash":"9fb8c2864cae788f530e0c7f119ee978dfa39f20"}
,"C:\\Users\\nicol\\Downloads\\Universidad IBERO\\ACTIVIDADES IBERO 4 - SEMESTRE\\Proyecto_software\\Gestor-Finanzas\\backend\\src\\controllers\\historial.controller.js": {"path":"C:\\Users\\nicol\\Downloads\\Universidad IBERO\\ACTIVIDADES IBERO 4 - SEMESTRE\\Proyecto_software\\Gestor-Finanzas\\backend\\src\\controllers\\historial.controller.js","statementMap":{"0":{"start":{"line":9,"column":35},"end":{"line":51,"column":1}},"1":{"start":{"line":10,"column":17},"end":{"line":10,"column":28}},"2":{"start":{"line":12,"column":2},"end":{"line":50,"column":3}},"3":{"start":{"line":13,"column":38},"end":{"line":13,"column":47}},"4":{"start":{"line":15,"column":24},"end":{"line":15,"column":40}},"5":{"start":{"line":18,"column":4},"end":{"line":22,"column":5}},"6":{"start":{"line":19,"column":21},"end":{"line":19,"column":42}},"7":{"start":{"line":20,"column":6},"end":{"line":20,"column":69}},"8":{"start":{"line":24,"column":4},"end":{"line":28,"column":5}},"9":{"start":{"line":25,"column":18},"end":{"line":25,"column":50}},"10":{"start":{"line":26,"column":6},"end":{"line":26,"column":66}},"11":{"start":{"line":31,"column":21},"end":{"line":31,"column":78}},"12":{"start":{"line":34,"column":22},"end":{"line":43,"column":59}},"13":{"start":{"line":35,"column":28},"end":{"line":42,"column":7}},"14":{"start":{"line":43,"column":21},"end":{"line":43,"column":58}},"15":{"start":{"line":45,"column":4},"end":{"line":45,"column":24}},"16":{"start":{"line":48,"column":4},"end":{"line":48,"column":23}},"17":{"start":{"line":49,"column":4},"end":{"line":49,"column":68}},"18":{"start":{"line":54,"column":19},"end":{"line":147,"column":1}},"19":{"start":{"line":55,"column":17},"end":{"line":55,"column":43}},"20":{"start":{"line":56,"column":15},"end":{"line":56,"column":62}},"21":{"start":{"line":57,"column":15},"end":{"line":57,"column":66}},"22":{"start":{"line":59,"column":13},"end":{"line":59,"column":39}},"23":{"start":{"line":61,"column":17},"end":{"line":61,"column":19}},"24":{"start":{"line":62,"column":20},"end":{"line":62,"column":22}},"25":{"start":{"line":63,"column":20},"end":{"line":63,"column":35}},"26":{"start":{"line":64,"column":17},"end":{"line":64,"column":47}},"27":{"start":{"line":66,"column":18},"end":{"line":72,"column":3}},"28":{"start":{"line":74,"column":2},"end":{"line":80,"column":5}},"29":{"start":{"line":82,"column":10},"end":{"line":82,"column":16}},"30":{"start":{"line":84,"column":29},"end":{"line":108,"column":3}},"31":{"start":{"line":85,"column":12},"end":{"line":85,"column":18}},"32":{"start":{"line":87,"column":4},"end":{"line":90,"column":7}},"33":{"start":{"line":88,"column":6},"end":{"line":88,"column":106}},"34":{"start":{"line":89,"column":6},"end":{"line":89,"column":21}},"35":{"start":{"line":92,"column":4},"end":{"line":92,"column":104}},"36":{"start":{"line":94,"column":4},"end":{"line":94,"column":97}},"37":{"start":{"line":95,"column":4},"end":{"line":95,"column":127}},"38":{"start":{"line":97,"column":16},"end":{"line":97,"column":26}},"39":{"start":{"line":98,"column":4},"end":{"line":107,"column":7}},"40":{"start":{"line":99,"column":6},"end":{"line":105,"column":9}},"41":{"start":{"line":106,"column":6},"end":{"line":106,"column":36}},"42":{"start":{"line":110,"column":2},"end":{"line":110,"column":49}},"43":{"start":{"line":110,"column":38},"end":{"line":110,"column":46}},"44":{"start":{"line":111,"column":2},"end":{"line":111,"column":17}},"45":{"start":{"line":113,"column":2},"end":{"line":130,"column":3}},"46":{"start":{"line":114,"column":4},"end":{"line":119,"column":5}},"47":{"start":{"line":115,"column":6},"end":{"line":115,"column":40}},"48":{"start":{"line":116,"column":6},"end":{"line":116,"column":17}},"49":{"start":{"line":117,"column":6},"end":{"line":117,"column":53}},"50":{"start":{"line":117,"column":42},"end":{"line":117,"column":50}},"51":{"start":{"line":118,"column":6},"end":{"line":118,"column":21}},"52":{"start":{"line":121,"column":4},"end":{"line":127,"column":7}},"53":{"start":{"line":129,"column":4},"end":{"line":129,"column":19}},"54":{"start":{"line":132,"column":20},"end":{"line":132,"column":33}},"55":{"start":{"line":133,"column":17},"end":{"line":133,"column":19}},"56":{"start":{"line":134,"column":18},"end":{"line":134,"column":59}},"57":{"start":{"line":136,"column":2},"end":{"line":144,"column":5}},"58":{"start":{"line":137,"column":4},"end":{"line":143,"column":7}},"59":{"start":{"line":146,"column":2},"end":{"line":146,"column":23}},"60":{"start":{"line":149,"column":21},"end":{"line":172,"column":1}},"61":{"start":{"line":150,"column":19},"end":{"line":150,"column":41}},"62":{"start":{"line":151,"column":16},"end":{"line":151,"column":50}},"63":{"start":{"line":153,"column":2},"end":{"line":159,"column":4}},"64":{"start":{"line":161,"column":2},"end":{"line":169,"column":5}},"65":{"start":{"line":162,"column":4},"end":{"line":168,"column":7}},"66":{"start":{"line":171,"column":2},"end":{"line":171,"column":37}},"67":{"start":{"line":175,"column":34},"end":{"line":243,"column":1}},"68":{"start":{"line":176,"column":17},"end":{"line":176,"column":28}},"69":{"start":{"line":177,"column":45},"end":{"line":177,"column":54}},"70":{"start":{"line":179,"column":2},"end":{"line":242,"column":3}},"71":{"start":{"line":180,"column":24},"end":{"line":180,"column":40}},"72":{"start":{"line":181,"column":21},"end":{"line":181,"column":37}},"73":{"start":{"line":183,"column":4},"end":{"line":187,"column":5}},"74":{"start":{"line":184,"column":21},"end":{"line":184,"column":42}},"75":{"start":{"line":185,"column":6},"end":{"line":185,"column":69}},"76":{"start":{"line":186,"column":6},"end":{"line":186,"column":71}},"77":{"start":{"line":189,"column":4},"end":{"line":193,"column":5}},"78":{"start":{"line":190,"column":18},"end":{"line":190,"column":50}},"79":{"start":{"line":191,"column":6},"end":{"line":191,"column":66}},"80":{"start":{"line":192,"column":6},"end":{"line":192,"column":68}},"81":{"start":{"line":195,"column":16},"end":{"line":195,"column":49}},"82":{"start":{"line":196,"column":16},"end":{"line":196,"column":43}},"83":{"start":{"line":198,"column":22},"end":{"line":215,"column":59}},"84":{"start":{"line":199,"column":23},"end":{"line":206,"column":7}},"85":{"start":{"line":207,"column":23},"end":{"line":214,"column":7}},"86":{"start":{"line":215,"column":21},"end":{"line":215,"column":58}},"87":{"start":{"line":221,"column":4},"end":{"line":233,"column":5}},"88":{"start":{"line":222,"column":6},"end":{"line":222,"column":41}},"89":{"start":{"line":223,"column":6},"end":{"line":223,"column":33}},"90":{"start":{"line":224,"column":6},"end":{"line":224,"column":38}},"91":{"start":{"line":226,"column":11},"end":{"line":233,"column":5}},"92":{"start":{"line":227,"column":6},"end":{"line":227,"column":43}},"93":{"start":{"line":228,"column":6},"end":{"line":228,"column":34}},"94":{"start":{"line":229,"column":6},"end":{"line":229,"column":88}},"95":{"start":{"line":232,"column":6},"end":{"line":232,"column":67}},"96":{"start":{"line":235,"column":4},"end":{"line":235,"column":47}},"97":{"start":{"line":236,"column":4},"end":{"line":236,"column":77}},"98":{"start":{"line":237,"column":4},"end":{"line":237,"column":19}},"99":{"start":{"line":240,"column":4},"end":{"line":240,"column":56}},"100":{"start":{"line":241,"column":4},"end":{"line":241,"column":68}}},"fnMap":{"0":{"name":"(anonymous_0)","decl":{"start":{"line":9,"column":35},"end":{"line":9,"column":36}},"loc":{"start":{"line":9,"column":55},"end":{"line":51,"column":1}},"line":9},"1":{"name":"(anonymous_1)","decl":{"start":{"line":35,"column":22},"end":{"line":35,"column":23}},"loc":{"start":{"line":35,"column":28},"end":{"line":42,"column":7}},"line":35},"2":{"name":"(anonymous_2)","decl":{"start":{"line":43,"column":11},"end":{"line":43,"column":12}},"loc":{"start":{"line":43,"column":21},"end":{"line":43,"column":58}},"line":43},"3":{"name":"(anonymous_3)","decl":{"start":{"line":54,"column":19},"end":{"line":54,"column":20}},"loc":{"start":{"line":54,"column":40},"end":{"line":147,"column":1}},"line":54},"4":{"name":"(anonymous_4)","decl":{"start":{"line":84,"column":29},"end":{"line":84,"column":30}},"loc":{"start":{"line":84,"column":42},"end":{"line":108,"column":3}},"line":84},"5":{"name":"(anonymous_5)","decl":{"start":{"line":87,"column":20},"end":{"line":87,"column":21}},"loc":{"start":{"line":87,"column":29},"end":{"line":90,"column":5}},"line":87},"6":{"name":"(anonymous_6)","decl":{"start":{"line":98,"column":20},"end":{"line":98,"column":21}},"loc":{"start":{"line":98,"column":37},"end":{"line":107,"column":5}},"line":98},"7":{"name":"(anonymous_7)","decl":{"start":{"line":110,"column":33},"end":{"line":110,"column":34}},"loc":{"start":{"line":110,"column":38},"end":{"line":110,"column":46}},"line":110},"8":{"name":"(anonymous_8)","decl":{"start":{"line":117,"column":37},"end":{"line":117,"column":38}},"loc":{"start":{"line":117,"column":42},"end":{"line":117,"column":50}},"line":117},"9":{"name":"(anonymous_9)","decl":{"start":{"line":136,"column":28},"end":{"line":136,"column":29}},"loc":{"start":{"line":136,"column":35},"end":{"line":144,"column":3}},"line":136},"10":{"name":"(anonymous_10)","decl":{"start":{"line":149,"column":21},"end":{"line":149,"column":22}},"loc":{"start":{"line":149,"column":42},"end":{"line":172,"column":1}},"line":149},"11":{"name":"(anonymous_11)","decl":{"start":{"line":161,"column":20},"end":{"line":161,"column":21}},"loc":{"start":{"line":161,"column":25},"end":{"line":169,"column":3}},"line":161},"12":{"name":"(anonymous_12)","decl":{"start":{"line":175,"column":34},"end":{"line":175,"column":35}},"loc":{"start":{"line":175,"column":54},"end":{"line":243,"column":1}},"line":175},"13":{"name":"(anonymous_13)","decl":{"start":{"line":199,"column":17},"end":{"line":199,"column":18}},"loc":{"start":{"line":199,"column":23},"end":{"line":206,"column":7}},"line":199},"14":{"name":"(anonymous_14)","decl":{"start":{"line":207,"column":17},"end":{"line":207,"column":18}},"loc":{"start":{"line":207,"column":23},"end":{"line":214,"column":7}},"line":207},"15":{"name":"(anonymous_15)","decl":{"start":{"line":215,"column":11},"end":{"line":215,"column":12}},"loc":{"start":{"line":215,"column":21},"end":{"line":215,"column":58}},"line":215}},"branchMap":{"0":{"loc":{"start":{"line":18,"column":4},"end":{"line":22,"column":5}},"type":"if","locations":[{"start":{"line":18,"column":4},"end":{"line":22,"column":5}},{"start":{},"end":{}}],"line":18},"1":{"loc":{"start":{"line":24,"column":4},"end":{"line":28,"column":5}},"type":"if","locations":[{"start":{"line":24,"column":4},"end":{"line":28,"column":5}},{"start":{},"end":{}}],"line":24},"2":{"loc":{"start":{"line":37,"column":15},"end":{"line":37,"column":37}},"type":"binary-expr","locations":[{"start":{"line":37,"column":15},"end":{"line":37,"column":22}},{"start":{"line":37,"column":26},"end":{"line":37,"column":37}}],"line":37},"3":{"loc":{"start":{"line":114,"column":4},"end":{"line":119,"column":5}},"type":"if","locations":[{"start":{"line":114,"column":4},"end":{"line":119,"column":5}},{"start":{},"end":{}}],"line":114},"4":{"loc":{"start":{"line":183,"column":4},"end":{"line":187,"column":5}},"type":"if","locations":[{"start":{"line":183,"column":4},"end":{"line":187,"column":5}},{"start":{},"end":{}}],"line":183},"5":{"loc":{"start":{"line":189,"column":4},"end":{"line":193,"column":5}},"type":"if","locations":[{"start":{"line":189,"column":4},"end":{"line":193,"column":5}},{"start":{},"end":{}}],"line":189},"6":{"loc":{"start":{"line":201,"column":15},"end":{"line":201,"column":37}},"type":"binary-expr","locations":[{"start":{"line":201,"column":15},"end":{"line":201,"column":22}},{"start":{"line":201,"column":26},"end":{"line":201,"column":37}}],"line":201},"7":{"loc":{"start":{"line":221,"column":4},"end":{"line":233,"column":5}},"type":"if","locations":[{"start":{"line":221,"column":4},"end":{"line":233,"column":5}},{"start":{"line":226,"column":11},"end":{"line":233,"column":5}}],"line":221},"8":{"loc":{"start":{"line":226,"column":11},"end":{"line":233,"column":5}},"type":"if","locations":[{"start":{"line":226,"column":11},"end":{"line":233,"column":5}},{"start":{"line":231,"column":11},"end":{"line":233,"column":5}}],"line":226}},"s":{"0":4,"1":2,"2":2,"3":2,"4":2,"5":2,"6":1,"7":1,"8":2,"9":1,"10":1,"11":2,"12":2,"13":2,"14":0,"15":2,"16":0,"17":0,"18":4,"19":1,"20":1,"21":1,"22":1,"23":1,"24":1,"25":1,"26":1,"27":1,"28":1,"29":1,"30":1,"31":2,"32":2,"33":10,"34":10,"35":2,"36":2,"37":2,"38":2,"39":2,"40":10,"41":10,"42":1,"43":5,"44":1,"45":1,"46":1,"47":0,"48":0,"49":0,"50":0,"51":0,"52":1,"53":1,"54":1,"55":1,"56":1,"57":1,"58":1,"59":1,"60":4,"61":1,"62":1,"63":1,"64":1,"65":1,"66":1,"67":4,"68":3,"69":3,"70":3,"71":3,"72":3,"73":3,"74":0,"75":0,"76":0,"77":3,"78":0,"79":0,"80":0,"81":3,"82":3,"83":3,"84":2,"85":0,"86":0,"87":3,"88":1,"89":1,"90":1,"91":2,"92":1,"93":1,"94":1,"95":1,"96":2,"97":2,"98":2,"99":0,"100":0},"f":{"0":2,"1":2,"2":0,"3":1,"4":2,"5":10,"6":10,"7":5,"8":0,"9":1,"10":1,"11":1,"12":3,"13":2,"14":0,"15":0},"b":{"0":[1,1],"1":[1,1],"2":[2,0],"3":[0,1],"4":[0,3],"5":[0,3],"6":[2,0],"7":[1,2],"8":[1,1]},"inputSourceMap":null,"_coverageSchema":"1a1c01bbd47fc00a2c39e90264f33305004495a9","hash":"cd2f46b668e68b0dbf9b2669d186b46c37f3e731"}
,"C:\\Users\\nicol\\Downloads\\Universidad IBERO\\ACTIVIDADES IBERO 4 - SEMESTRE\\Proyecto_software\\Gestor-Finanzas\\backend\\src\\controllers\\metas.controller.js": {"path":"C:\\Users\\nicol\\Downloads\\Universidad IBERO\\ACTIVIDADES IBERO 4 - SEMESTRE\\Proyecto_software\\Gestor-Finanzas\\backend\\src\\controllers\\metas.controller.js","statementMap":{"0":{"start":{"line":4,"column":19},"end":{"line":10,"column":1}},"1":{"start":{"line":5,"column":2},"end":{"line":5,"column":30}},"2":{"start":{"line":5,"column":18},"end":{"line":5,"column":30}},"3":{"start":{"line":6,"column":2},"end":{"line":8,"column":3}},"4":{"start":{"line":7,"column":4},"end":{"line":7,"column":47}},"5":{"start":{"line":9,"column":2},"end":{"line":9,"column":30}},"6":{"start":{"line":12,"column":24},"end":{"line":22,"column":1}},"7":{"start":{"line":13,"column":2},"end":{"line":21,"column":3}},"8":{"start":{"line":14,"column":18},"end":{"line":14,"column":73}},"9":{"start":{"line":15,"column":4},"end":{"line":15,"column":27}},"10":{"start":{"line":17,"column":4},"end":{"line":20,"column":7}},"11":{"start":{"line":24,"column":27},"end":{"line":45,"column":1}},"12":{"start":{"line":25,"column":2},"end":{"line":44,"column":3}},"13":{"start":{"line":26,"column":58},"end":{"line":26,"column":66}},"14":{"start":{"line":28,"column":20},"end":{"line":34,"column":6}},"15":{"start":{"line":36,"column":22},"end":{"line":36,"column":42}},"16":{"start":{"line":37,"column":4},"end":{"line":37,"column":31}},"17":{"start":{"line":40,"column":4},"end":{"line":43,"column":7}},"18":{"start":{"line":47,"column":23},"end":{"line":60,"column":1}},"19":{"start":{"line":48,"column":2},"end":{"line":59,"column":3}},"20":{"start":{"line":49,"column":17},"end":{"line":49,"column":68}},"21":{"start":{"line":50,"column":4},"end":{"line":52,"column":5}},"22":{"start":{"line":51,"column":6},"end":{"line":51,"column":69}},"23":{"start":{"line":53,"column":4},"end":{"line":53,"column":26}},"24":{"start":{"line":55,"column":4},"end":{"line":58,"column":7}},"25":{"start":{"line":62,"column":26},"end":{"line":91,"column":1}},"26":{"start":{"line":63,"column":2},"end":{"line":90,"column":3}},"27":{"start":{"line":64,"column":51},"end":{"line":64,"column":59}},"28":{"start":{"line":65,"column":17},"end":{"line":65,"column":51}},"29":{"start":{"line":67,"column":4},"end":{"line":69,"column":5}},"30":{"start":{"line":68,"column":6},"end":{"line":68,"column":69}},"31":{"start":{"line":71,"column":20},"end":{"line":71,"column":41}},"32":{"start":{"line":72,"column":4},"end":{"line":76,"column":5}},"33":{"start":{"line":73,"column":6},"end":{"line":75,"column":9}},"34":{"start":{"line":78,"column":24},"end":{"line":82,"column":40}},"35":{"start":{"line":84,"column":4},"end":{"line":84,"column":33}},"36":{"start":{"line":86,"column":4},"end":{"line":89,"column":7}},"37":{"start":{"line":93,"column":26},"end":{"line":119,"column":1}},"38":{"start":{"line":94,"column":2},"end":{"line":118,"column":3}},"39":{"start":{"line":95,"column":17},"end":{"line":95,"column":51}},"40":{"start":{"line":97,"column":4},"end":{"line":99,"column":5}},"41":{"start":{"line":98,"column":6},"end":{"line":98,"column":69}},"42":{"start":{"line":101,"column":20},"end":{"line":101,"column":41}},"43":{"start":{"line":102,"column":4},"end":{"line":106,"column":5}},"44":{"start":{"line":103,"column":6},"end":{"line":105,"column":9}},"45":{"start":{"line":109,"column":4},"end":{"line":109,"column":48}},"46":{"start":{"line":111,"column":4},"end":{"line":111,"column":31}},"47":{"start":{"line":114,"column":4},"end":{"line":117,"column":7}},"48":{"start":{"line":121,"column":36},"end":{"line":159,"column":1}},"49":{"start":{"line":122,"column":2},"end":{"line":158,"column":3}},"50":{"start":{"line":123,"column":19},"end":{"line":123,"column":29}},"51":{"start":{"line":124,"column":28},"end":{"line":124,"column":36}},"52":{"start":{"line":126,"column":17},"end":{"line":126,"column":40}},"53":{"start":{"line":128,"column":4},"end":{"line":130,"column":5}},"54":{"start":{"line":129,"column":6},"end":{"line":129,"column":69}},"55":{"start":{"line":132,"column":20},"end":{"line":132,"column":41}},"56":{"start":{"line":133,"column":4},"end":{"line":137,"column":5}},"57":{"start":{"line":134,"column":6},"end":{"line":136,"column":9}},"58":{"start":{"line":139,"column":4},"end":{"line":143,"column":5}},"59":{"start":{"line":140,"column":6},"end":{"line":142,"column":9}},"60":{"start":{"line":145,"column":28},"end":{"line":149,"column":40}},"61":{"start":{"line":151,"column":4},"end":{"line":151,"column":37}},"62":{"start":{"line":154,"column":4},"end":{"line":157,"column":7}}},"fnMap":{"0":{"name":"(anonymous_0)","decl":{"start":{"line":4,"column":19},"end":{"line":4,"column":20}},"loc":{"start":{"line":4,"column":34},"end":{"line":10,"column":1}},"line":4},"1":{"name":"(anonymous_1)","decl":{"start":{"line":12,"column":24},"end":{"line":12,"column":25}},"loc":{"start":{"line":12,"column":44},"end":{"line":22,"column":1}},"line":12},"2":{"name":"(anonymous_2)","decl":{"start":{"line":24,"column":27},"end":{"line":24,"column":28}},"loc":{"start":{"line":24,"column":47},"end":{"line":45,"column":1}},"line":24},"3":{"name":"(anonymous_3)","decl":{"start":{"line":47,"column":23},"end":{"line":47,"column":24}},"loc":{"start":{"line":47,"column":43},"end":{"line":60,"column":1}},"line":47},"4":{"name":"(anonymous_4)","decl":{"start":{"line":62,"column":26},"end":{"line":62,"column":27}},"loc":{"start":{"line":62,"column":46},"end":{"line":91,"column":1}},"line":62},"5":{"name":"(anonymous_5)","decl":{"start":{"line":93,"column":26},"end":{"line":93,"column":27}},"loc":{"start":{"line":93,"column":46},"end":{"line":119,"column":1}},"line":93},"6":{"name":"(anonymous_6)","decl":{"start":{"line":121,"column":36},"end":{"line":121,"column":37}},"loc":{"start":{"line":121,"column":56},"end":{"line":159,"column":1}},"line":121}},"branchMap":{"0":{"loc":{"start":{"line":5,"column":2},"end":{"line":5,"column":30}},"type":"if","locations":[{"start":{"line":5,"column":2},"end":{"line":5,"column":30}},{"start":{},"end":{}}],"line":5},"1":{"loc":{"start":{"line":6,"column":2},"end":{"line":8,"column":3}},"type":"if","locations":[{"start":{"line":6,"column":2},"end":{"line":8,"column":3}},{"start":{},"end":{}}],"line":6},"2":{"loc":{"start":{"line":7,"column":11},"end":{"line":7,"column":46}},"type":"binary-expr","locations":[{"start":{"line":7,"column":11},"end":{"line":7,"column":38}},{"start":{"line":7,"column":42},"end":{"line":7,"column":46}}],"line":7},"3":{"loc":{"start":{"line":50,"column":4},"end":{"line":52,"column":5}},"type":"if","locations":[{"start":{"line":50,"column":4},"end":{"line":52,"column":5}},{"start":{},"end":{}}],"line":50},"4":{"loc":{"start":{"line":67,"column":4},"end":{"line":69,"column":5}},"type":"if","locations":[{"start":{"line":67,"column":4},"end":{"line":69,"column":5}},{"start":{},"end":{}}],"line":67},"5":{"loc":{"start":{"line":72,"column":4},"end":{"line":76,"column":5}},"type":"if","locations":[{"start":{"line":72,"column":4},"end":{"line":76,"column":5}},{"start":{},"end":{}}],"line":72},"6":{"loc":{"start":{"line":97,"column":4},"end":{"line":99,"column":5}},"type":"if","locations":[{"start":{"line":97,"column":4},"end":{"line":99,"column":5}},{"start":{},"end":{}}],"line":97},"7":{"loc":{"start":{"line":102,"column":4},"end":{"line":106,"column":5}},"type":"if","locations":[{"start":{"line":102,"column":4},"end":{"line":106,"column":5}},{"start":{},"end":{}}],"line":102},"8":{"loc":{"start":{"line":128,"column":4},"end":{"line":130,"column":5}},"type":"if","locations":[{"start":{"line":128,"column":4},"end":{"line":130,"column":5}},{"start":{},"end":{}}],"line":128},"9":{"loc":{"start":{"line":133,"column":4},"end":{"line":137,"column":5}},"type":"if","locations":[{"start":{"line":133,"column":4},"end":{"line":137,"column":5}},{"start":{},"end":{}}],"line":133},"10":{"loc":{"start":{"line":139,"column":4},"end":{"line":143,"column":5}},"type":"if","locations":[{"start":{"line":139,"column":4},"end":{"line":143,"column":5}},{"start":{},"end":{}}],"line":139}},"s":{"0":4,"1":4,"2":0,"3":4,"4":4,"5":0,"6":4,"7":1,"8":1,"9":1,"10":0,"11":4,"12":7,"13":7,"14":7,"15":7,"16":7,"17":0,"18":4,"19":3,"20":3,"21":3,"22":2,"23":1,"24":0,"25":4,"26":2,"27":2,"28":2,"29":2,"30":0,"31":2,"32":2,"33":1,"34":1,"35":1,"36":0,"37":4,"38":2,"39":2,"40":2,"41":0,"42":2,"43":2,"44":1,"45":1,"46":1,"47":0,"48":4,"49":0,"50":0,"51":0,"52":0,"53":0,"54":0,"55":0,"56":0,"57":0,"58":0,"59":0,"60":0,"61":0,"62":0},"f":{"0":4,"1":1,"2":7,"3":3,"4":2,"5":2,"6":0},"b":{"0":[0,4],"1":[4,0],"2":[4,0],"3":[2,1],"4":[0,2],"5":[1,1],"6":[0,2],"7":[1,1],"8":[0,0],"9":[0,0],"10":[0,0]},"inputSourceMap":null,"_coverageSchema":"1a1c01bbd47fc00a2c39e90264f33305004495a9","hash":"a536f76a724931d0a273b15cc99985493301808c"}
,"C:\\Users\\nicol\\Downloads\\Universidad IBERO\\ACTIVIDADES IBERO 4 - SEMESTRE\\Proyecto_software\\Gestor-Finanzas\\backend\\src\\libs\\jwt.js": {"path":"C:\\Users\\nicol\\Downloads\\Universidad IBERO\\ACTIVIDADES IBERO 4 - SEMESTRE\\Proyecto_software\\Gestor-Finanzas\\backend\\src\\libs\\jwt.js","statementMap":{"0":{"start":{"line":5,"column":3},"end":{"line":17,"column":6}},"1":{"start":{"line":6,"column":8},"end":{"line":16,"column":14}},"2":{"start":{"line":13,"column":16},"end":{"line":13,"column":35}},"3":{"start":{"line":13,"column":24},"end":{"line":13,"column":35}},"4":{"start":{"line":14,"column":16},"end":{"line":14,"column":30}}},"fnMap":{"0":{"name":"createdAccesToken","decl":{"start":{"line":4,"column":16},"end":{"line":4,"column":33}},"loc":{"start":{"line":4,"column":42},"end":{"line":18,"column":1}},"line":4},"1":{"name":"(anonymous_1)","decl":{"start":{"line":5,"column":22},"end":{"line":5,"column":23}},"loc":{"start":{"line":5,"column":42},"end":{"line":17,"column":5}},"line":5},"2":{"name":"(anonymous_2)","decl":{"start":{"line":12,"column":12},"end":{"line":12,"column":13}},"loc":{"start":{"line":12,"column":27},"end":{"line":15,"column":13}},"line":12}},"branchMap":{"0":{"loc":{"start":{"line":13,"column":16},"end":{"line":13,"column":35}},"type":"if","locations":[{"start":{"line":13,"column":16},"end":{"line":13,"column":35}},{"start":{},"end":{}}],"line":13}},"s":{"0":30,"1":30,"2":30,"3":0,"4":30},"f":{"0":30,"1":30,"2":30},"b":{"0":[0,30]},"inputSourceMap":null,"_coverageSchema":"1a1c01bbd47fc00a2c39e90264f33305004495a9","hash":"e3dfe999f835fb9c576b51a0b728bdf5f8714a7c"}
,"C:\\Users\\nicol\\Downloads\\Universidad IBERO\\ACTIVIDADES IBERO 4 - SEMESTRE\\Proyecto_software\\Gestor-Finanzas\\backend\\src\\middlewares\\validatetoken.js": {"path":"C:\\Users\\nicol\\Downloads\\Universidad IBERO\\ACTIVIDADES IBERO 4 - SEMESTRE\\Proyecto_software\\Gestor-Finanzas\\backend\\src\\middlewares\\validatetoken.js","statementMap":{"0":{"start":{"line":6,"column":29},"end":{"line":25,"column":1}},"1":{"start":{"line":9,"column":19},"end":{"line":9,"column":30}},"2":{"start":{"line":10,"column":3},"end":{"line":11,"column":79}},"3":{"start":{"line":11,"column":4},"end":{"line":11,"column":79}},"4":{"start":{"line":13,"column":4},"end":{"line":20,"column":6}},"5":{"start":{"line":14,"column":6},"end":{"line":14,"column":69}},"6":{"start":{"line":14,"column":14},"end":{"line":14,"column":69}},"7":{"start":{"line":17,"column":8},"end":{"line":17,"column":23}},"8":{"start":{"line":19,"column":8},"end":{"line":19,"column":14}}},"fnMap":{"0":{"name":"(anonymous_0)","decl":{"start":{"line":6,"column":29},"end":{"line":6,"column":30}},"loc":{"start":{"line":6,"column":46},"end":{"line":25,"column":1}},"line":6},"1":{"name":"(anonymous_1)","decl":{"start":{"line":13,"column":36},"end":{"line":13,"column":37}},"loc":{"start":{"line":13,"column":52},"end":{"line":20,"column":5}},"line":13}},"branchMap":{"0":{"loc":{"start":{"line":10,"column":3},"end":{"line":11,"column":79}},"type":"if","locations":[{"start":{"line":10,"column":3},"end":{"line":11,"column":79}},{"start":{},"end":{}}],"line":10},"1":{"loc":{"start":{"line":14,"column":6},"end":{"line":14,"column":69}},"type":"if","locations":[{"start":{"line":14,"column":6},"end":{"line":14,"column":69}},{"start":{},"end":{}}],"line":14}},"s":{"0":4,"1":47,"2":47,"3":3,"4":44,"5":44,"6":1,"7":43,"8":43},"f":{"0":47,"1":44},"b":{"0":[3,44],"1":[1,43]},"inputSourceMap":null,"_coverageSchema":"1a1c01bbd47fc00a2c39e90264f33305004495a9","hash":"bbccc66a271c0d063b70ef2b9f03b73d95b0a69c"}
,"C:\\Users\\nicol\\Downloads\\Universidad IBERO\\ACTIVIDADES IBERO 4 - SEMESTRE\\Proyecto_software\\Gestor-Finanzas\\backend\\src\\middlewares\\validator.Middlewar.js": {"path":"C:\\Users\\nicol\\Downloads\\Universidad IBERO\\ACTIVIDADES IBERO 4 - SEMESTRE\\Proyecto_software\\Gestor-Finanzas\\backend\\src\\middlewares\\validator.Middlewar.js","statementMap":{"0":{"start":{"line":2,"column":30},"end":{"line":16,"column":1}},"1":{"start":{"line":2,"column":41},"end":{"line":16,"column":1}},"2":{"start":{"line":3,"column":4},"end":{"line":15,"column":5}},"3":{"start":{"line":4,"column":8},"end":{"line":4,"column":30}},"4":{"start":{"line":5,"column":8},"end":{"line":5,"column":14}},"5":{"start":{"line":8,"column":8},"end":{"line":12,"column":9}},"6":{"start":{"line":9,"column":13},"end":{"line":11,"column":15}},"7":{"start":{"line":10,"column":51},"end":{"line":10,"column":64}},"8":{"start":{"line":13,"column":8},"end":{"line":13,"column":81}}},"fnMap":{"0":{"name":"(anonymous_0)","decl":{"start":{"line":2,"column":30},"end":{"line":2,"column":31}},"loc":{"start":{"line":2,"column":41},"end":{"line":16,"column":1}},"line":2},"1":{"name":"(anonymous_1)","decl":{"start":{"line":2,"column":41},"end":{"line":2,"column":42}},"loc":{"start":{"line":2,"column":61},"end":{"line":16,"column":1}},"line":2},"2":{"name":"(anonymous_2)","decl":{"start":{"line":10,"column":40},"end":{"line":10,"column":41}},"loc":{"start":{"line":10,"column":51},"end":{"line":10,"column":64}},"line":10}},"branchMap":{"0":{"loc":{"start":{"line":8,"column":8},"end":{"line":12,"column":9}},"type":"if","locations":[{"start":{"line":8,"column":8},"end":{"line":12,"column":9}},{"start":{},"end":{}}],"line":8}},"s":{"0":4,"1":8,"2":68,"3":68,"4":66,"5":2,"6":2,"7":3,"8":0},"f":{"0":8,"1":68,"2":3},"b":{"0":[2,0]},"inputSourceMap":null,"_coverageSchema":"1a1c01bbd47fc00a2c39e90264f33305004495a9","hash":"7c98e860a31e43765d43082fa459987df75d0c6e"}
,"C:\\Users\\nicol\\Downloads\\Universidad IBERO\\ACTIVIDADES IBERO 4 - SEMESTRE\\Proyecto_software\\Gestor-Finanzas\\backend\\src\\models\\finanzas.model.js": {"path":"C:\\Users\\nicol\\Downloads\\Universidad IBERO\\ACTIVIDADES IBERO 4 - SEMESTRE\\Proyecto_software\\Gestor-Finanzas\\backend\\src\\models\\finanzas.model.js","statementMap":{"0":{"start":{"line":5,"column":22},"end":{"line":33,"column":2}}},"fnMap":{},"branchMap":{},"s":{"0":4},"f":{},"b":{},"inputSourceMap":null,"_coverageSchema":"1a1c01bbd47fc00a2c39e90264f33305004495a9","hash":"b50b0474b1897c54d3b8c5dd0b461aa4d04d73f8"}
,"C:\\Users\\nicol\\Downloads\\Universidad IBERO\\ACTIVIDADES IBERO 4 - SEMESTRE\\Proyecto_software\\Gestor-Finanzas\\backend\\src\\models\\metas.model.js": {"path":"C:\\Users\\nicol\\Downloads\\Universidad IBERO\\ACTIVIDADES IBERO 4 - SEMESTRE\\Proyecto_software\\Gestor-Finanzas\\backend\\src\\models\\metas.model.js","statementMap":{"0":{"start":{"line":3,"column":20},"end":{"line":29,"column":2}}},"fnMap":{},"branchMap":{},"s":{"0":4},"f":{},"b":{},"inputSourceMap":null,"_coverageSchema":"1a1c01bbd47fc00a2c39e90264f33305004495a9","hash":"838558019a1289556fb1fea8be989f80330cd823"}
,"C:\\Users\\nicol\\Downloads\\Universidad IBERO\\ACTIVIDADES IBERO 4 - SEMESTRE\\Proyecto_software\\Gestor-Finanzas\\backend\\src\\models\\user.model.js": {"path":"C:\\Users\\nicol\\Downloads\\Universidad IBERO\\ACTIVIDADES IBERO 4 - SEMESTRE\\Proyecto_software\\Gestor-Finanzas\\backend\\src\\models\\user.model.js","statementMap":{"0":{"start":{"line":5,"column":19},"end":{"line":27,"column":1}}},"fnMap":{},"branchMap":{},"s":{"0":4},"f":{},"b":{},"inputSourceMap":null,"_coverageSchema":"1a1c01bbd47fc00a2c39e90264f33305004495a9","hash":"37efd41a0bc1546c3fc26ed59132da277ad440af"}
,"C:\\Users\\nicol\\Downloads\\Universidad IBERO\\ACTIVIDADES IBERO 4 - SEMESTRE\\Proyecto_software\\Gestor-Finanzas\\backend\\src\\routes\\auth.routes.js": {"path":"C:\\Users\\nicol\\Downloads\\Universidad IBERO\\ACTIVIDADES IBERO 4 - SEMESTRE\\Proyecto_software\\Gestor-Finanzas\\backend\\src\\routes\\auth.routes.js","statementMap":{"0":{"start":{"line":8,"column":15},"end":{"line":8,"column":23}},"1":{"start":{"line":9,"column":0},"end":{"line":9,"column":67}},"2":{"start":{"line":10,"column":0},"end":{"line":10,"column":58}},"3":{"start":{"line":11,"column":0},"end":{"line":11,"column":30}},"4":{"start":{"line":12,"column":0},"end":{"line":12,"column":34}},"5":{"start":{"line":15,"column":0},"end":{"line":15,"column":45}}},"fnMap":{},"branchMap":{},"s":{"0":4,"1":4,"2":4,"3":4,"4":4,"5":4},"f":{},"b":{},"inputSourceMap":null,"_coverageSchema":"1a1c01bbd47fc00a2c39e90264f33305004495a9","hash":"ddf5b343d7b21ba490ebda714483828a0bba49b9"}
,"C:\\Users\\nicol\\Downloads\\Universidad IBERO\\ACTIVIDADES IBERO 4 - SEMESTRE\\Proyecto_software\\Gestor-Finanzas\\backend\\src\\routes\\finanzas.routes.js": {"path":"C:\\Users\\nicol\\Downloads\\Universidad IBERO\\ACTIVIDADES IBERO 4 - SEMESTRE\\Proyecto_software\\Gestor-Finanzas\\backend\\src\\routes\\finanzas.routes.js","statementMap":{"0":{"start":{"line":5,"column":15},"end":{"line":5,"column":23}},"1":{"start":{"line":7,"column":0},"end":{"line":7,"column":49}},"2":{"start":{"line":8,"column":0},"end":{"line":8,"column":53}},"3":{"start":{"line":9,"column":0},"end":{"line":9,"column":54}},"4":{"start":{"line":10,"column":0},"end":{"line":10,"column":61}},"5":{"start":{"line":11,"column":0},"end":{"line":11,"column":58}},"6":{"start":{"line":12,"column":0},"end":{"line":12,"column":56}},"7":{"start":{"line":13,"column":0},"end":{"line":13,"column":65}}},"fnMap":{},"branchMap":{},"s":{"0":4,"1":4,"2":4,"3":4,"4":4,"5":4,"6":4,"7":4},"f":{},"b":{},"inputSourceMap":null,"_coverageSchema":"1a1c01bbd47fc00a2c39e90264f33305004495a9","hash":"4534e7ffc14d7bb55a8f3107a6330d6eb048b82c"}
,"C:\\Users\\nicol\\Downloads\\Universidad IBERO\\ACTIVIDADES IBERO 4 - SEMESTRE\\Proyecto_software\\Gestor-Finanzas\\backend\\src\\routes\\historial.routes.js": {"path":"C:\\Users\\nicol\\Downloads\\Universidad IBERO\\ACTIVIDADES IBERO 4 - SEMESTRE\\Proyecto_software\\Gestor-Finanzas\\backend\\src\\routes\\historial.routes.js","statementMap":{"0":{"start":{"line":7,"column":15},"end":{"line":7,"column":23}},"1":{"start":{"line":10,"column":0},"end":{"line":10,"column":60}},"2":{"start":{"line":13,"column":0},"end":{"line":13,"column":68}}},"fnMap":{},"branchMap":{},"s":{"0":4,"1":4,"2":4},"f":{},"b":{},"inputSourceMap":null,"_coverageSchema":"1a1c01bbd47fc00a2c39e90264f33305004495a9","hash":"21e3c453700fdcb99a00bbdfdc4e25ac14cd7e50"}
,"C:\\Users\\nicol\\Downloads\\Universidad IBERO\\ACTIVIDADES IBERO 4 - SEMESTRE\\Proyecto_software\\Gestor-Finanzas\\backend\\src\\routes\\metas.routes.js": {"path":"C:\\Users\\nicol\\Downloads\\Universidad IBERO\\ACTIVIDADES IBERO 4 - SEMESTRE\\Proyecto_software\\Gestor-Finanzas\\backend\\src\\routes\\metas.routes.js","statementMap":{"0":{"start":{"line":13,"column":15},"end":{"line":13,"column":23}},"1":{"start":{"line":15,"column":0},"end":{"line":15,"column":45}},"2":{"start":{"line":16,"column":0},"end":{"line":16,"column":48}},"3":{"start":{"line":17,"column":0},"end":{"line":17,"column":49}},"4":{"start":{"line":18,"column":0},"end":{"line":18,"column":51}},"5":{"start":{"line":19,"column":0},"end":{"line":19,"column":54}}},"fnMap":{},"branchMap":{},"s":{"0":4,"1":4,"2":4,"3":4,"4":4,"5":4},"f":{},"b":{},"inputSourceMap":null,"_coverageSchema":"1a1c01bbd47fc00a2c39e90264f33305004495a9","hash":"7fca0466fc073751779d0056cff5f0cd665c4d24"}
,"C:\\Users\\nicol\\Downloads\\Universidad IBERO\\ACTIVIDADES IBERO 4 - SEMESTRE\\Proyecto_software\\Gestor-Finanzas\\backend\\src\\schemas\\auth.schema.js": {"path":"C:\\Users\\nicol\\Downloads\\Universidad IBERO\\ACTIVIDADES IBERO 4 - SEMESTRE\\Proyecto_software\\Gestor-Finanzas\\backend\\src\\schemas\\auth.schema.js","statementMap":{"0":{"start":{"line":4,"column":30},"end":{"line":16,"column":2}},"1":{"start":{"line":18,"column":27},"end":{"line":27,"column":2}}},"fnMap":{},"branchMap":{},"s":{"0":4,"1":4},"f":{},"b":{},"inputSourceMap":null,"_coverageSchema":"1a1c01bbd47fc00a2c39e90264f33305004495a9","hash":"d96fe7ac825b0c889394cc563520893d72e7b11b"}
,"C:\\Users\\nicol\\Downloads\\Universidad IBERO\\ACTIVIDADES IBERO 4 - SEMESTRE\\Proyecto_software\\Gestor-Finanzas\\backend\\tests\\setup\\integration.setup.js": {"path":"C:\\Users\\nicol\\Downloads\\Universidad IBERO\\ACTIVIDADES IBERO 4 - SEMESTRE\\Proyecto_software\\Gestor-Finanzas\\backend\\tests\\setup\\integration.setup.js","statementMap":{"0":{"start":{"line":7,"column":34},"end":{"line":11,"column":1}},"1":{"start":{"line":8,"column":2},"end":{"line":8,"column":49}},"2":{"start":{"line":9,"column":14},"end":{"line":9,"column":34}},"3":{"start":{"line":10,"column":2},"end":{"line":10,"column":30}},"4":{"start":{"line":13,"column":37},"end":{"line":16,"column":1}},"5":{"start":{"line":14,"column":2},"end":{"line":14,"column":30}},"6":{"start":{"line":15,"column":2},"end":{"line":15,"column":27}}},"fnMap":{"0":{"name":"(anonymous_0)","decl":{"start":{"line":7,"column":34},"end":{"line":7,"column":35}},"loc":{"start":{"line":7,"column":46},"end":{"line":11,"column":1}},"line":7},"1":{"name":"(anonymous_1)","decl":{"start":{"line":13,"column":37},"end":{"line":13,"column":38}},"loc":{"start":{"line":13,"column":49},"end":{"line":16,"column":1}},"line":13}},"branchMap":{},"s":{"0":4,"1":4,"2":4,"3":4,"4":4,"5":4,"6":4},"f":{"0":4,"1":4},"b":{},"inputSourceMap":null,"_coverageSchema":"1a1c01bbd47fc00a2c39e90264f33305004495a9","hash":"46f8935ea9d4f8d2e50747bf34ef0fce81819e38"}
}
