TN:
SF:src\app.js
FNF:0
FNH:0
DA:10,4
DA:12,4
DA:17,4
DA:18,4
DA:19,4
DA:21,4
DA:22,4
DA:23,4
DA:24,4
LF:9
LH:9
BRF:0
BRH:0
end_of_record
TN:
SF:src\config.js
FNF:0
FNH:0
DA:1,4
LF:1
LH:1
BRF:0
BRH:0
end_of_record
TN:
SF:src\controllers\auth.controller.js
FN:7,(anonymous_0)
FN:38,(anonymous_1)
FN:71,(anonymous_2)
FN:77,(anonymous_3)
FN:96,(anonymous_4)
FNF:5
FNH:4
FNDA:35,(anonymous_0)
FNDA:31,(anonymous_1)
FNDA:1,(anonymous_2)
FNDA:1,(anonymous_3)
FNDA:0,(anonymous_4)
DA:7,4
DA:8,35
DA:10,35
DA:12,35
DA:13,35
DA:14,1
DA:18,34
DA:19,34
DA:25,33
DA:34,1
DA:38,4
DA:39,31
DA:41,31
DA:43,31
DA:44,31
DA:45,0
DA:49,31
DA:50,31
DA:51,1
DA:55,30
DA:56,30
DA:58,30
DA:67,0
DA:71,4
DA:73,1
DA:74,1
DA:77,4
DA:78,1
DA:79,1
DA:80,1
DA:81,0
DA:84,1
DA:92,0
DA:96,4
DA:97,0
DA:99,0
DA:100,0
DA:103,0
DA:104,0
DA:105,0
DA:107,0
DA:108,0
DA:111,0
DA:117,0
LF:44
LH:30
BRDA:13,0,0,1
BRDA:13,0,1,34
BRDA:44,1,0,0
BRDA:44,1,1,31
BRDA:50,2,0,1
BRDA:50,2,1,30
BRDA:80,3,0,0
BRDA:80,3,1,1
BRDA:99,4,0,0
BRDA:99,4,1,0
BRDA:104,5,0,0
BRDA:104,5,1,0
BRDA:107,6,0,0
BRDA:107,6,1,0
BRF:14
BRH:6
end_of_record
TN:
SF:src\controllers\finanzas.controller.js
FN:3,(anonymous_0)
FN:10,(anonymous_1)
FN:33,(anonymous_2)
FN:38,(anonymous_3)
FN:46,(anonymous_4)
FN:54,(anonymous_5)
FN:60,(anonymous_6)
FN:61,(anonymous_7)
FN:64,(anonymous_8)
FN:65,(anonymous_9)
FN:76,(anonymous_10)
FN:91,(anonymous_11)
FN:92,(anonymous_12)
FN:95,(anonymous_13)
FN:96,(anonymous_14)
FNF:15
FNH:14
FNDA:1,(anonymous_0)
FNDA:14,(anonymous_1)
FNDA:2,(anonymous_2)
FNDA:1,(anonymous_3)
FNDA:1,(anonymous_4)
FNDA:1,(anonymous_5)
FNDA:2,(anonymous_6)
FNDA:1,(anonymous_7)
FNDA:2,(anonymous_8)
FNDA:1,(anonymous_9)
FNDA:2,(anonymous_10)
FNDA:1,(anonymous_11)
FNDA:1,(anonymous_12)
FNDA:1,(anonymous_13)
FNDA:0,(anonymous_14)
DA:3,4
DA:4,1
DA:7,1
DA:10,4
DA:11,14
DA:12,14
DA:14,14
DA:15,1
DA:19,13
DA:27,13
DA:28,13
DA:30,0
DA:33,4
DA:34,2
DA:35,2
DA:36,1
DA:38,4
DA:39,1
DA:42,1
DA:43,1
DA:46,4
DA:47,1
DA:48,1
DA:49,1
DA:54,4
DA:55,1
DA:56,1
DA:59,1
DA:60,2
DA:61,1
DA:63,1
DA:64,2
DA:65,1
DA:66,1
DA:68,1
DA:70,0
DA:76,4
DA:78,2
DA:79,2
DA:80,2
DA:81,1
DA:84,1
DA:88,1
DA:90,1
DA:91,1
DA:92,1
DA:94,1
DA:95,1
DA:96,0
DA:98,1
DA:100,1
DA:108,0
LF:52
LH:48
BRDA:14,0,0,1
BRDA:14,0,1,13
BRDA:35,1,0,1
BRDA:35,1,1,1
BRDA:42,2,0,0
BRDA:42,2,1,1
BRDA:48,3,0,0
BRDA:48,3,1,1
BRDA:80,4,0,1
BRDA:80,4,1,1
BRDA:80,5,0,2
BRDA:80,5,1,1
BRF:12
BRH:10
end_of_record
TN:
SF:src\controllers\historial.controller.js
FN:9,(anonymous_0)
FN:35,(anonymous_1)
FN:43,(anonymous_2)
FN:54,(anonymous_3)
FN:84,(anonymous_4)
FN:87,(anonymous_5)
FN:98,(anonymous_6)
FN:110,(anonymous_7)
FN:117,(anonymous_8)
FN:136,(anonymous_9)
FN:149,(anonymous_10)
FN:161,(anonymous_11)
FN:175,(anonymous_12)
FN:199,(anonymous_13)
FN:207,(anonymous_14)
FN:215,(anonymous_15)
FNF:16
FNH:12
FNDA:2,(anonymous_0)
FNDA:2,(anonymous_1)
FNDA:0,(anonymous_2)
FNDA:1,(anonymous_3)
FNDA:2,(anonymous_4)
FNDA:10,(anonymous_5)
FNDA:10,(anonymous_6)
FNDA:5,(anonymous_7)
FNDA:0,(anonymous_8)
FNDA:1,(anonymous_9)
FNDA:1,(anonymous_10)
FNDA:1,(anonymous_11)
FNDA:3,(anonymous_12)
FNDA:2,(anonymous_13)
FNDA:0,(anonymous_14)
FNDA:0,(anonymous_15)
DA:9,4
DA:10,2
DA:12,2
DA:13,2
DA:15,2
DA:18,2
DA:19,1
DA:20,1
DA:24,2
DA:25,1
DA:26,1
DA:31,2
DA:34,2
DA:35,2
DA:43,0
DA:45,2
DA:48,0
DA:49,0
DA:54,4
DA:55,1
DA:56,1
DA:57,1
DA:59,1
DA:61,1
DA:62,1
DA:63,1
DA:64,1
DA:66,1
DA:74,1
DA:82,1
DA:84,1
DA:85,2
DA:87,2
DA:88,10
DA:89,10
DA:92,2
DA:94,2
DA:95,2
DA:97,2
DA:98,2
DA:99,10
DA:106,10
DA:110,5
DA:111,1
DA:113,1
DA:114,1
DA:115,0
DA:116,0
DA:117,0
DA:118,0
DA:121,1
DA:129,1
DA:132,1
DA:133,1
DA:134,1
DA:136,1
DA:137,1
DA:146,1
DA:149,4
DA:150,1
DA:151,1
DA:153,1
DA:161,1
DA:162,1
DA:171,1
DA:175,4
DA:176,3
DA:177,3
DA:179,3
DA:180,3
DA:181,3
DA:183,3
DA:184,0
DA:185,0
DA:186,0
DA:189,3
DA:190,0
DA:191,0
DA:192,0
DA:195,3
DA:196,3
DA:198,3
DA:199,2
DA:207,0
DA:215,0
DA:221,3
DA:222,1
DA:223,1
DA:224,1
DA:226,2
DA:227,1
DA:228,1
DA:229,1
DA:232,1
DA:235,2
DA:236,2
DA:237,2
DA:240,0
DA:241,0
LF:99
LH:82
BRDA:18,0,0,1
BRDA:18,0,1,1
BRDA:24,1,0,1
BRDA:24,1,1,1
BRDA:37,2,0,2
BRDA:37,2,1,0
BRDA:114,3,0,0
BRDA:114,3,1,1
BRDA:183,4,0,0
BRDA:183,4,1,3
BRDA:189,5,0,0
BRDA:189,5,1,3
BRDA:201,6,0,2
BRDA:201,6,1,0
BRDA:221,7,0,1
BRDA:221,7,1,2
BRDA:226,8,0,1
BRDA:226,8,1,1
BRF:18
BRH:13
end_of_record
TN:
SF:src\controllers\metas.controller.js
FN:4,(anonymous_0)
FN:12,(anonymous_1)
FN:24,(anonymous_2)
FN:47,(anonymous_3)
FN:62,(anonymous_4)
FN:93,(anonymous_5)
FN:121,(anonymous_6)
FNF:7
FNH:6
FNDA:4,(anonymous_0)
FNDA:1,(anonymous_1)
FNDA:7,(anonymous_2)
FNDA:3,(anonymous_3)
FNDA:2,(anonymous_4)
FNDA:2,(anonymous_5)
FNDA:0,(anonymous_6)
DA:4,4
DA:5,4
DA:6,4
DA:7,4
DA:9,0
DA:12,4
DA:13,1
DA:14,1
DA:15,1
DA:17,0
DA:24,4
DA:25,7
DA:26,7
DA:28,7
DA:36,7
DA:37,7
DA:40,0
DA:47,4
DA:48,3
DA:49,3
DA:50,3
DA:51,2
DA:53,1
DA:55,0
DA:62,4
DA:63,2
DA:64,2
DA:65,2
DA:67,2
DA:68,0
DA:71,2
DA:72,2
DA:73,1
DA:78,1
DA:84,1
DA:86,0
DA:93,4
DA:94,2
DA:95,2
DA:97,2
DA:98,0
DA:101,2
DA:102,2
DA:103,1
DA:109,1
DA:111,1
DA:114,0
DA:121,4
DA:122,0
DA:123,0
DA:124,0
DA:126,0
DA:128,0
DA:129,0
DA:132,0
DA:133,0
DA:134,0
DA:139,0
DA:140,0
DA:145,0
DA:151,0
DA:154,0
LF:62
LH:40
BRDA:5,0,0,0
BRDA:5,0,1,4
BRDA:6,1,0,4
BRDA:6,1,1,0
BRDA:7,2,0,4
BRDA:7,2,1,0
BRDA:50,3,0,2
BRDA:50,3,1,1
BRDA:67,4,0,0
BRDA:67,4,1,2
BRDA:72,5,0,1
BRDA:72,5,1,1
BRDA:97,6,0,0
BRDA:97,6,1,2
BRDA:102,7,0,1
BRDA:102,7,1,1
BRDA:128,8,0,0
BRDA:128,8,1,0
BRDA:133,9,0,0
BRDA:133,9,1,0
BRDA:139,10,0,0
BRDA:139,10,1,0
BRF:22
BRH:11
end_of_record
TN:
SF:src\libs\jwt.js
FN:4,createdAccesToken
FN:5,(anonymous_1)
FN:12,(anonymous_2)
FNF:3
FNH:3
FNDA:30,createdAccesToken
FNDA:30,(anonymous_1)
FNDA:30,(anonymous_2)
DA:5,30
DA:6,30
DA:13,30
DA:14,30
LF:4
LH:4
BRDA:13,0,0,0
BRDA:13,0,1,30
BRF:2
BRH:1
end_of_record
TN:
SF:src\middlewares\validatetoken.js
FN:6,(anonymous_0)
FN:13,(anonymous_1)
FNF:2
FNH:2
FNDA:47,(anonymous_0)
FNDA:44,(anonymous_1)
DA:6,4
DA:9,47
DA:10,47
DA:11,3
DA:13,44
DA:14,44
DA:17,43
DA:19,43
LF:8
LH:8
BRDA:10,0,0,3
BRDA:10,0,1,44
BRDA:14,1,0,1
BRDA:14,1,1,43
BRF:4
BRH:4
end_of_record
TN:
SF:src\middlewares\validator.Middlewar.js
FN:2,(anonymous_0)
FN:2,(anonymous_1)
FN:10,(anonymous_2)
FNF:3
FNH:3
FNDA:8,(anonymous_0)
FNDA:68,(anonymous_1)
FNDA:3,(anonymous_2)
DA:2,8
DA:3,68
DA:4,68
DA:5,66
DA:8,2
DA:9,2
DA:10,3
DA:13,0
LF:8
LH:7
BRDA:8,0,0,2
BRDA:8,0,1,0
BRF:2
BRH:1
end_of_record
TN:
SF:src\models\finanzas.model.js
FNF:0
FNH:0
DA:5,4
LF:1
LH:1
BRF:0
BRH:0
end_of_record
TN:
SF:src\models\metas.model.js
FNF:0
FNH:0
DA:3,4
LF:1
LH:1
BRF:0
BRH:0
end_of_record
TN:
SF:src\models\user.model.js
FNF:0
FNH:0
DA:5,4
LF:1
LH:1
BRF:0
BRH:0
end_of_record
TN:
SF:src\routes\auth.routes.js
FNF:0
FNH:0
DA:8,4
DA:9,4
DA:10,4
DA:11,4
DA:12,4
DA:15,4
LF:6
LH:6
BRF:0
BRH:0
end_of_record
TN:
SF:src\routes\finanzas.routes.js
FNF:0
FNH:0
DA:5,4
DA:7,4
DA:8,4
DA:9,4
DA:10,4
DA:11,4
DA:12,4
DA:13,4
LF:8
LH:8
BRF:0
BRH:0
end_of_record
TN:
SF:src\routes\historial.routes.js
FNF:0
FNH:0
DA:7,4
DA:10,4
DA:13,4
LF:3
LH:3
BRF:0
BRH:0
end_of_record
TN:
SF:src\routes\metas.routes.js
FNF:0
FNH:0
DA:13,4
DA:15,4
DA:16,4
DA:17,4
DA:18,4
DA:19,4
LF:6
LH:6
BRF:0
BRH:0
end_of_record
TN:
SF:src\schemas\auth.schema.js
FNF:0
FNH:0
DA:4,4
DA:18,4
LF:2
LH:2
BRF:0
BRH:0
end_of_record
TN:
SF:tests\setup\integration.setup.js
FN:7,(anonymous_0)
FN:13,(anonymous_1)
FNF:2
FNH:2
FNDA:4,(anonymous_0)
FNDA:4,(anonymous_1)
DA:7,4
DA:8,4
DA:9,4
DA:10,4
DA:13,4
DA:14,4
DA:15,4
LF:7
LH:7
BRF:0
BRH:0
end_of_record
