TN:
SF:src\app.js
FNF:0
FNH:0
DA:10,4
DA:12,4
DA:17,4
DA:18,4
DA:19,4
DA:21,4
DA:22,4
DA:23,4
DA:24,4
LF:9
LH:9
BRF:0
BRH:0
end_of_record
TN:
SF:src\config.js
FNF:0
FNH:0
DA:1,4
LF:1
LH:1
BRF:0
BRH:0
end_of_record
TN:
SF:src\controllers\auth.controller.js
FN:7,(anonymous_0)
FN:38,(anonymous_1)
FN:71,(anonymous_2)
FN:77,(anonymous_3)
FN:96,(anonymous_4)
FNF:5
FNH:5
FNDA:39,(anonymous_0)
FNDA:36,(anonymous_1)
FNDA:2,(anonymous_2)
FNDA:5,(anonymous_3)
FNDA:4,(anonymous_4)
DA:7,5
DA:8,39
DA:10,39
DA:12,39
DA:13,37
DA:14,2
DA:18,35
DA:19,35
DA:25,34
DA:34,3
DA:38,5
DA:39,36
DA:41,36
DA:43,36
DA:44,34
DA:45,1
DA:49,33
DA:50,33
DA:51,2
DA:55,31
DA:56,31
DA:58,31
DA:67,2
DA:71,5
DA:73,2
DA:74,2
DA:77,5
DA:78,5
DA:79,5
DA:80,3
DA:81,1
DA:84,2
DA:92,2
DA:96,5
DA:97,4
DA:99,4
DA:100,1
DA:103,3
DA:104,3
DA:105,2
DA:107,1
DA:108,0
DA:111,1
DA:117,2
LF:44
LH:43
BRDA:13,0,0,2
BRDA:13,0,1,35
BRDA:44,1,0,1
BRDA:44,1,1,33
BRDA:50,2,0,2
BRDA:50,2,1,31
BRDA:80,3,0,1
BRDA:80,3,1,2
BRDA:99,4,0,1
BRDA:99,4,1,3
BRDA:104,5,0,3
BRDA:104,5,1,3
BRDA:107,6,0,0
BRDA:107,6,1,1
BRF:14
BRH:13
end_of_record
TN:
SF:src\controllers\finanzas.controller.js
FN:3,(anonymous_0)
FN:10,(anonymous_1)
FN:33,(anonymous_2)
FN:38,(anonymous_3)
FN:46,(anonymous_4)
FN:54,(anonymous_5)
FN:60,(anonymous_6)
FN:61,(anonymous_7)
FN:64,(anonymous_8)
FN:65,(anonymous_9)
FN:76,(anonymous_10)
FN:91,(anonymous_11)
FN:92,(anonymous_12)
FN:95,(anonymous_13)
FN:96,(anonymous_14)
FNF:15
FNH:15
FNDA:2,(anonymous_0)
FNDA:16,(anonymous_1)
FNDA:4,(anonymous_2)
FNDA:3,(anonymous_3)
FNDA:3,(anonymous_4)
FNDA:2,(anonymous_5)
FNDA:5,(anonymous_6)
FNDA:3,(anonymous_7)
FNDA:5,(anonymous_8)
FNDA:2,(anonymous_9)
FNDA:4,(anonymous_10)
FNDA:3,(anonymous_11)
FNDA:2,(anonymous_12)
FNDA:3,(anonymous_13)
FNDA:1,(anonymous_14)
DA:3,5
DA:4,2
DA:7,2
DA:10,5
DA:11,16
DA:12,16
DA:14,16
DA:15,2
DA:19,14
DA:27,14
DA:28,14
DA:30,0
DA:33,5
DA:34,4
DA:35,4
DA:36,2
DA:38,5
DA:39,3
DA:42,3
DA:43,2
DA:46,5
DA:47,3
DA:48,3
DA:49,2
DA:54,5
DA:55,2
DA:56,2
DA:59,2
DA:60,5
DA:61,3
DA:63,2
DA:64,5
DA:65,2
DA:66,2
DA:68,2
DA:70,0
DA:76,5
DA:78,4
DA:79,4
DA:80,4
DA:81,2
DA:84,2
DA:88,2
DA:90,2
DA:91,3
DA:92,2
DA:94,2
DA:95,3
DA:96,1
DA:98,2
DA:100,2
DA:108,0
LF:52
LH:49
BRDA:14,0,0,2
BRDA:14,0,1,14
BRDA:35,1,0,2
BRDA:35,1,1,2
BRDA:42,2,0,1
BRDA:42,2,1,2
BRDA:48,3,0,1
BRDA:48,3,1,2
BRDA:80,4,0,2
BRDA:80,4,1,2
BRDA:80,5,0,4
BRDA:80,5,1,2
BRF:12
BRH:12
end_of_record
TN:
SF:src\controllers\historial.controller.js
FN:9,(anonymous_0)
FN:35,(anonymous_1)
FN:43,(anonymous_2)
FN:54,(anonymous_3)
FN:84,(anonymous_4)
FN:87,(anonymous_5)
FN:98,(anonymous_6)
FN:110,(anonymous_7)
FN:117,(anonymous_8)
FN:136,(anonymous_9)
FN:149,(anonymous_10)
FN:161,(anonymous_11)
FN:175,(anonymous_12)
FN:199,(anonymous_13)
FN:207,(anonymous_14)
FN:215,(anonymous_15)
FNF:16
FNH:12
FNDA:5,(anonymous_0)
FNDA:3,(anonymous_1)
FNDA:0,(anonymous_2)
FNDA:2,(anonymous_3)
FNDA:4,(anonymous_4)
FNDA:20,(anonymous_5)
FNDA:20,(anonymous_6)
FNDA:10,(anonymous_7)
FNDA:0,(anonymous_8)
FNDA:2,(anonymous_9)
FNDA:2,(anonymous_10)
FNDA:2,(anonymous_11)
FNDA:7,(anonymous_12)
FNDA:5,(anonymous_13)
FNDA:0,(anonymous_14)
FNDA:0,(anonymous_15)
DA:9,5
DA:10,5
DA:12,5
DA:13,5
DA:15,5
DA:18,5
DA:19,2
DA:20,2
DA:24,5
DA:25,1
DA:26,1
DA:31,5
DA:34,4
DA:35,3
DA:43,0
DA:45,4
DA:48,1
DA:49,1
DA:54,5
DA:55,2
DA:56,2
DA:57,2
DA:59,2
DA:61,2
DA:62,2
DA:63,2
DA:64,2
DA:66,2
DA:74,2
DA:82,2
DA:84,2
DA:85,4
DA:87,4
DA:88,20
DA:89,20
DA:92,4
DA:94,4
DA:95,4
DA:97,4
DA:98,4
DA:99,20
DA:106,20
DA:110,10
DA:111,2
DA:113,2
DA:114,2
DA:115,0
DA:116,0
DA:117,0
DA:118,0
DA:121,2
DA:129,2
DA:132,2
DA:133,2
DA:134,2
DA:136,2
DA:137,2
DA:146,2
DA:149,5
DA:150,2
DA:151,2
DA:153,2
DA:161,2
DA:162,2
DA:171,2
DA:175,5
DA:176,7
DA:177,7
DA:179,7
DA:180,7
DA:181,7
DA:183,7
DA:184,0
DA:185,0
DA:186,0
DA:189,7
DA:190,0
DA:191,0
DA:192,0
DA:195,7
DA:196,6
DA:198,6
DA:199,5
DA:207,0
DA:215,0
DA:221,6
DA:222,2
DA:223,2
DA:224,2
DA:226,4
DA:227,2
DA:228,2
DA:229,2
DA:232,2
DA:235,4
DA:236,4
DA:237,4
DA:240,1
DA:241,1
LF:99
LH:86
BRDA:18,0,0,2
BRDA:18,0,1,3
BRDA:24,1,0,1
BRDA:24,1,1,4
BRDA:37,2,0,3
BRDA:37,2,1,0
BRDA:114,3,0,0
BRDA:114,3,1,2
BRDA:183,4,0,0
BRDA:183,4,1,7
BRDA:189,5,0,0
BRDA:189,5,1,7
BRDA:201,6,0,5
BRDA:201,6,1,0
BRDA:221,7,0,2
BRDA:221,7,1,4
BRDA:226,8,0,2
BRDA:226,8,1,2
BRF:18
BRH:13
end_of_record
TN:
SF:src\controllers\metas.controller.js
FN:4,(anonymous_0)
FN:12,(anonymous_1)
FN:24,(anonymous_2)
FN:47,(anonymous_3)
FN:62,(anonymous_4)
FN:93,(anonymous_5)
FN:121,(anonymous_6)
FNF:7
FNH:7
FNDA:11,(anonymous_0)
FNDA:3,(anonymous_1)
FNDA:9,(anonymous_2)
FNDA:6,(anonymous_3)
FNDA:6,(anonymous_4)
FNDA:6,(anonymous_5)
FNDA:5,(anonymous_6)
DA:4,5
DA:5,11
DA:6,11
DA:7,11
DA:9,0
DA:12,5
DA:13,3
DA:14,3
DA:15,2
DA:17,1
DA:24,5
DA:25,9
DA:26,9
DA:28,9
DA:36,9
DA:37,8
DA:40,1
DA:47,5
DA:48,6
DA:49,6
DA:50,5
DA:51,3
DA:53,2
DA:55,1
DA:62,5
DA:63,6
DA:64,6
DA:65,6
DA:67,5
DA:68,1
DA:71,4
DA:72,4
DA:73,2
DA:78,2
DA:84,2
DA:86,1
DA:93,5
DA:94,6
DA:95,6
DA:97,5
DA:98,1
DA:101,4
DA:102,4
DA:103,2
DA:109,2
DA:111,2
DA:114,1
DA:121,5
DA:122,5
DA:123,5
DA:124,5
DA:126,5
DA:128,4
DA:129,1
DA:132,3
DA:133,3
DA:134,1
DA:139,2
DA:140,1
DA:145,1
DA:151,1
DA:154,1
LF:62
LH:61
BRDA:5,0,0,0
BRDA:5,0,1,11
BRDA:6,1,0,11
BRDA:6,1,1,0
BRDA:7,2,0,11
BRDA:7,2,1,0
BRDA:50,3,0,3
BRDA:50,3,1,2
BRDA:67,4,0,1
BRDA:67,4,1,4
BRDA:72,5,0,2
BRDA:72,5,1,2
BRDA:97,6,0,1
BRDA:97,6,1,4
BRDA:102,7,0,2
BRDA:102,7,1,2
BRDA:128,8,0,1
BRDA:128,8,1,3
BRDA:133,9,0,1
BRDA:133,9,1,2
BRDA:139,10,0,1
BRDA:139,10,1,1
BRF:22
BRH:19
end_of_record
TN:
SF:src\libs\jwt.js
FN:4,createdAccesToken
FN:5,(anonymous_1)
FN:12,(anonymous_2)
FNF:3
FNH:3
FNDA:30,createdAccesToken
FNDA:30,(anonymous_1)
FNDA:30,(anonymous_2)
DA:5,30
DA:6,30
DA:13,30
DA:14,30
LF:4
LH:4
BRDA:13,0,0,0
BRDA:13,0,1,30
BRF:2
BRH:1
end_of_record
TN:
SF:src\middlewares\validatetoken.js
FN:6,(anonymous_0)
FN:13,(anonymous_1)
FNF:2
FNH:2
FNDA:47,(anonymous_0)
FNDA:44,(anonymous_1)
DA:6,4
DA:9,47
DA:10,47
DA:11,3
DA:13,44
DA:14,44
DA:17,43
DA:19,43
LF:8
LH:8
BRDA:10,0,0,3
BRDA:10,0,1,44
BRDA:14,1,0,1
BRDA:14,1,1,43
BRF:4
BRH:4
end_of_record
TN:
SF:src\middlewares\validator.Middlewar.js
FN:2,(anonymous_0)
FN:2,(anonymous_1)
FN:10,(anonymous_2)
FNF:3
FNH:3
FNDA:8,(anonymous_0)
FNDA:68,(anonymous_1)
FNDA:3,(anonymous_2)
DA:2,8
DA:3,68
DA:4,68
DA:5,66
DA:8,2
DA:9,2
DA:10,3
DA:13,0
LF:8
LH:7
BRDA:8,0,0,2
BRDA:8,0,1,0
BRF:2
BRH:1
end_of_record
TN:
SF:src\models\finanzas.model.js
FNF:0
FNH:0
DA:5,5
LF:1
LH:1
BRF:0
BRH:0
end_of_record
TN:
SF:src\models\metas.model.js
FNF:0
FNH:0
DA:3,5
LF:1
LH:1
BRF:0
BRH:0
end_of_record
TN:
SF:src\models\user.model.js
FNF:0
FNH:0
DA:5,4
LF:1
LH:1
BRF:0
BRH:0
end_of_record
TN:
SF:src\routes\auth.routes.js
FNF:0
FNH:0
DA:8,4
DA:9,4
DA:10,4
DA:11,4
DA:12,4
DA:15,4
LF:6
LH:6
BRF:0
BRH:0
end_of_record
TN:
SF:src\routes\finanzas.routes.js
FNF:0
FNH:0
DA:5,4
DA:7,4
DA:8,4
DA:9,4
DA:10,4
DA:11,4
DA:12,4
DA:13,4
LF:8
LH:8
BRF:0
BRH:0
end_of_record
TN:
SF:src\routes\historial.routes.js
FNF:0
FNH:0
DA:7,4
DA:10,4
DA:13,4
LF:3
LH:3
BRF:0
BRH:0
end_of_record
TN:
SF:src\routes\metas.routes.js
FNF:0
FNH:0
DA:13,4
DA:15,4
DA:16,4
DA:17,4
DA:18,4
DA:19,4
LF:6
LH:6
BRF:0
BRH:0
end_of_record
TN:
SF:src\schemas\auth.schema.js
FNF:0
FNH:0
DA:4,4
DA:18,4
LF:2
LH:2
BRF:0
BRH:0
end_of_record
TN:
SF:tests\setup\integration.setup.js
FN:7,(anonymous_0)
FN:13,(anonymous_1)
FNF:2
FNH:2
FNDA:4,(anonymous_0)
FNDA:4,(anonymous_1)
DA:7,4
DA:8,4
DA:9,4
DA:10,4
DA:13,4
DA:14,4
DA:15,4
LF:7
LH:7
BRF:0
BRH:0
end_of_record
